行 40: ｸﾗｽ imText6Ctl.imText(ｺﾝﾄﾛｰﾙ imtxtImageLeft) はﾛｰﾄﾞされていません。
行 99: ｸﾗｽ imText6Ctl.imText(ｺﾝﾄﾛｰﾙ imtxtImageTop) はﾛｰﾄﾞされていません。
行 158: ｸﾗｽ imText6Ctl.imText(ｺﾝﾄﾛｰﾙ imtxtImageWidth) はﾛｰﾄﾞされていません。
行 217: ｸﾗｽ imText6Ctl.imText(ｺﾝﾄﾛｰﾙ imtxtImageHeight) はﾛｰﾄﾞされていません。
行 423: ｸﾗｽ imText6Ctl.imText(ｺﾝﾄﾛｰﾙ imtxtImageLeft) はﾛｰﾄﾞされていません。
行 482: ｸﾗｽ imText6Ctl.imText(ｺﾝﾄﾛｰﾙ imtxtImageTop) はﾛｰﾄﾞされていません。
行 541: ｸﾗｽ imText6Ctl.imText(ｺﾝﾄﾛｰﾙ imtxtImageWidth) はﾛｰﾄﾞされていません。
行 600: ｸﾗｽ imText6Ctl.imText(ｺﾝﾄﾛｰﾙ imtxtImageHeight) はﾛｰﾄﾞされていません。
行 788: ｸﾗｽ imText6Ctl.imText(ｺﾝﾄﾛｰﾙ imtxtTR_TOUT) はﾛｰﾄﾞされていません。
行 847: ｸﾗｽ imText6Ctl.imText(ｺﾝﾄﾛｰﾙ imtxtTR_PORT) はﾛｰﾄﾞされていません。
行 905: ｸﾗｽ imText6Ctl.imText(ｺﾝﾄﾛｰﾙ imtxtTR_IP) はﾛｰﾄﾞされていません。
行 963: ｸﾗｽ imText6Ctl.imText(ｺﾝﾄﾛｰﾙ imtxtTR_TOUT) はﾛｰﾄﾞされていません。
行 1022: ｸﾗｽ imText6Ctl.imText(ｺﾝﾄﾛｰﾙ imtxtTR_TOUT) はﾛｰﾄﾞされていません。
行 1081: ｸﾗｽ imText6Ctl.imText(ｺﾝﾄﾛｰﾙ imtxtTR_RETRY) はﾛｰﾄﾞされていません。
行 1228: ｸﾗｽ imText6Ctl.imText(ｺﾝﾄﾛｰﾙ imtxtHOST_IP) はﾛｰﾄﾞされていません。
行 1286: ｸﾗｽ imText6Ctl.imText(ｺﾝﾄﾛｰﾙ imtxtHOST_TOUT) はﾛｰﾄﾞされていません。
行 1345: ｸﾗｽ imText6Ctl.imText(ｺﾝﾄﾛｰﾙ imtxtHOST_TOUT) はﾛｰﾄﾞされていません。
行 1404: ｸﾗｽ imText6Ctl.imText(ｺﾝﾄﾛｰﾙ imtxtHOST_PORT) はﾛｰﾄﾞされていません。
行 1462: ｸﾗｽ imText6Ctl.imText(ｺﾝﾄﾛｰﾙ imtxtHOST_TOUT) はﾛｰﾄﾞされていません。
行 1521: ｸﾗｽ imText6Ctl.imText(ｺﾝﾄﾛｰﾙ imtxtHOST_RETRY) はﾛｰﾄﾞされていません。
行 1668: ｸﾗｽ imText6Ctl.imText(ｺﾝﾄﾛｰﾙ imtxtImageLeft) はﾛｰﾄﾞされていません。
行 1745: ｸﾗｽ imText6Ctl.imText(ｺﾝﾄﾛｰﾙ imtxtImageTop) はﾛｰﾄﾞされていません。
行 1804: ｸﾗｽ imText6Ctl.imText(ｺﾝﾄﾛｰﾙ imtxtImageWidth) はﾛｰﾄﾞされていません。
行 1863: ｸﾗｽ imText6Ctl.imText(ｺﾝﾄﾛｰﾙ imtxtImageHeight) はﾛｰﾄﾞされていません。
